<?xml version="1.0" encoding="UTF-8"?>
<testng-results total="1" passed="1" failed="0" skipped="0">
  <reporter-output>
  </reporter-output>
  <suite started-at="2024-12-07T19:22:39Z" name="Default suite" finished-at="2024-12-07T19:22:48Z" duration-ms="9105">
    <groups>
    </groups>
    <test started-at="2024-12-07T19:22:39Z" name="Default test" finished-at="2024-12-07T19:22:48Z" duration-ms="9105">
      <class name="crypto_trading.BinanceApiTest">
        <test-method is-config="true" signature="springTestContextBeforeTestClass()[pri:0, instance:crypto_trading.BinanceApiTest@e041f0c]" started-at="2024-12-08T02:22:39Z" name="springTestContextBeforeTestClass" finished-at="2024-12-08T02:22:39Z" duration-ms="15" status="PASS">
          <reporter-output>
          </reporter-output>
        </test-method> <!-- springTestContextBeforeTestClass -->
        <test-method is-config="true" signature="springTestContextPrepareTestInstance()[pri:0, instance:crypto_trading.BinanceApiTest@e041f0c]" started-at="2024-12-08T02:22:39Z" name="springTestContextPrepareTestInstance" finished-at="2024-12-08T02:22:44Z" depends-on-methods="org.springframework.test.context.testng.AbstractTestNGSpringContextTests.springTestContextBeforeTestClass" duration-ms="5371" status="PASS">
          <reporter-output>
          </reporter-output>
        </test-method> <!-- springTestContextPrepareTestInstance -->
        <test-method is-config="true" signature="springTestContextBeforeTestMethod(java.lang.reflect.Method)[pri:0, instance:crypto_trading.BinanceApiTest@e041f0c]" started-at="2024-12-08T02:22:44Z" name="springTestContextBeforeTestMethod" finished-at="2024-12-08T02:22:45Z" duration-ms="748" status="PASS">
          <params>
            <param index="0">
              <value>
                <![CDATA[public void crypto_trading.BinanceApiTest.testGet()]]>
              </value>
            </param>
          </params>
          <reporter-output>
          </reporter-output>
        </test-method> <!-- springTestContextBeforeTestMethod -->
        <test-method signature="testGet()[pri:0, instance:crypto_trading.BinanceApiTest@e041f0c]" started-at="2024-12-08T02:22:45Z" name="testGet" finished-at="2024-12-08T02:22:47Z" duration-ms="1933" status="PASS">
          <reporter-output>
          </reporter-output>
        </test-method> <!-- testGet -->
        <test-method is-config="true" signature="springTestContextAfterTestMethod(java.lang.reflect.Method)[pri:0, instance:crypto_trading.BinanceApiTest@e041f0c]" started-at="2024-12-08T02:22:47Z" name="springTestContextAfterTestMethod" finished-at="2024-12-08T02:22:48Z" duration-ms="1021" status="PASS">
          <params>
            <param index="0">
              <value>
                <![CDATA[public void crypto_trading.BinanceApiTest.testGet()]]>
              </value>
            </param>
          </params>
          <reporter-output>
          </reporter-output>
        </test-method> <!-- springTestContextAfterTestMethod -->
        <test-method is-config="true" signature="springTestContextAfterTestClass()[pri:0, instance:crypto_trading.BinanceApiTest@e041f0c]" started-at="2024-12-08T02:22:48Z" name="springTestContextAfterTestClass" finished-at="2024-12-08T02:22:48Z" duration-ms="1" status="PASS">
          <reporter-output>
          </reporter-output>
        </test-method> <!-- springTestContextAfterTestClass -->
      </class> <!-- crypto_trading.BinanceApiTest -->
    </test> <!-- Default test -->
  </suite> <!-- Default suite -->
</testng-results>
